<?xml version="1.0" encoding="UTF-8"?>
<!-- Generated by org.testng.reporters.JUnitReportReporter -->
<testsuite hostname="CISPL-IO-568" failures="0" tests="3" name="runners.TestRunnerWithTags" time="0.088" errors="0" timestamp="2024-10-07T18:17:29 IST" skipped="0">
  <testcase classname="runners.TestRunnerWithTags" name="runScenario" time="0.004"/>
  <testcase classname="runners.TestRunnerWithTags" name="runScenario" time="0.004"/>
  <testcase classname="runners.TestRunnerWithTags" name="runScenario" time="0.080"/>
</testsuite> <!-- runners.TestRunnerWithTags -->
