<?xml version="1.0" encoding="UTF-8"?>
<!-- Generated by org.testng.reporters.JUnitReportReporter -->
<testsuite hostname="CISPL-IO-568" failures="0" tests="2" name="runners.TestRunnerWithBackground" time="0.105" errors="0" timestamp="2024-10-07T20:54:20 IST" skipped="0">
  <testcase classname="runners.TestRunnerWithBackground" name="runScenario" time="0.007"/>
  <testcase classname="runners.TestRunnerWithBackground" name="runScenario" time="0.098"/>
</testsuite> <!-- runners.TestRunnerWithBackground -->
